# JRE version: OpenJDK Runtime Environment (17.0.11) (build 17.0.11+0--11852314)
# Java VM: OpenJDK 64-Bit Server VM (17.0.11+0--11852314, mixed mode, tiered, compressed oops, compressed class ptrs, g1 gc, windows-amd64)
GC Precious Log:
 CPUs: 6 total, 6 available
 Memory: 7541M
 Large Page Support: Disabled
 NUMA Support: Disabled
 Compressed Oops: Enabled (Zero based)
 Heap Region Size: 4M
 Heap Min Capacity: 8M
 Heap Initial Capacity: 120M
 Heap Max Capacity: 4608M
 Pre-touch: Disabled
 Parallel Workers: 6
 Concurrent Workers: 2
 Concurrent Refinement Workers: 6
 Periodic GC: Disabled
Heap:
 garbage-first heap   total 1495040K, used 922186K [0x00000006e0000000, 0x0000000800000000)
  region size 4096K, 59 young (241664K), 2 survivors (8192K)
 Metaspace       used 236057K, committed 238080K, reserved 1310720K
  class space    used 30155K, committed 31104K, reserved 1048576K
GC Heap History (20 events):
Event: 341.614 GC heap before
{Heap before GC invocations=70 (full 0):
 garbage-first heap   total 1495040K, used 762007K [0x00000006e0000000, 0x0000000800000000)
  region size 4096K, 50 young (204800K), 4 survivors (16384K)
 Metaspace       used 233850K, committed 235584K, reserved 1310720K
  class space    used 29975K, committed 30784K, reserved 1048576K
}
Event: 341.817 GC heap after
{Heap after GC invocations=71 (full 0):
 garbage-first heap   total 1495040K, used 583867K [0x00000006e0000000, 0x0000000800000000)
  region size 4096K, 5 young (20480K), 5 survivors (20480K)
 Metaspace       used 233850K, committed 235584K, reserved 1310720K
  class space    used 29975K, committed 30784K, reserved 1048576K
}
Event: 346.840 GC heap before
{Heap before GC invocations=71 (full 0):
 garbage-first heap   total 1495040K, used 706747K [0x00000006e0000000, 0x0000000800000000)
  region size 4096K, 35 young (143360K), 5 survivors (20480K)
 Metaspace       used 234258K, committed 236032K, reserved 1310720K
  class space    used 30016K, committed 30848K, reserved 1048576K
}
Event: 346.916 GC heap after
{Heap after GC invocations=72 (full 0):
 garbage-first heap   total 1495040K, used 599725K [0x00000006e0000000, 0x0000000800000000)
  region size 4096K, 5 young (20480K), 5 survivors (20480K)
 Metaspace       used 234258K, committed 236032K, reserved 1310720K
  class space    used 30016K, committed 30848K, reserved 1048576K
}
Event: 349.822 GC heap before
{Heap before GC invocations=72 (full 0):
 garbage-first heap   total 1495040K, used 751277K [0x00000006e0000000, 0x0000000800000000)
  region size 4096K, 43 young (176128K), 5 survivors (20480K)
 Metaspace       used 234572K, committed 236416K, reserved 1310720K
  class space    used 30053K, committed 30912K, reserved 1048576K
}
Event: 349.920 GC heap after
{Heap after GC invocations=73 (full 0):
 garbage-first heap   total 1495040K, used 614209K [0x00000006e0000000, 0x0000000800000000)
  region size 4096K, 4 young (16384K), 4 survivors (16384K)
 Metaspace       used 234572K, committed 236416K, reserved 1310720K
  class space    used 30053K, committed 30912K, reserved 1048576K
}
Event: 507.191 GC heap before
{Heap before GC invocations=73 (full 0):
 garbage-first heap   total 1495040K, used 843585K [0x00000006e0000000, 0x0000000800000000)
  region size 4096K, 61 young (249856K), 4 survivors (16384K)
 Metaspace       used 234991K, committed 236864K, reserved 1310720K
  class space    used 30087K, committed 30976K, reserved 1048576K
}
Event: 507.574 GC heap after
{Heap after GC invocations=74 (full 0):
 garbage-first heap   total 1495040K, used 626830K [0x00000006e0000000, 0x0000000800000000)
  region size 4096K, 7 young (28672K), 7 survivors (28672K)
 Metaspace       used 234991K, committed 236864K, reserved 1310720K
  class space    used 30087K, committed 30976K, reserved 1048576K
}
Event: 508.894 GC heap before
{Heap before GC invocations=74 (full 0):
 garbage-first heap   total 1495040K, used 671886K [0x00000006e0000000, 0x0000000800000000)
  region size 4096K, 18 young (73728K), 7 survivors (28672K)
 Metaspace       used 235100K, committed 236992K, reserved 1310720K
  class space    used 30093K, committed 30976K, reserved 1048576K
}
Event: 509.056 GC heap after
{Heap after GC invocations=75 (full 0):
 garbage-first heap   total 1495040K, used 632731K [0x00000006e0000000, 0x0000000800000000)
  region size 4096K, 3 young (12288K), 3 survivors (12288K)
 Metaspace       used 235100K, committed 236992K, reserved 1310720K
  class space    used 30093K, committed 30976K, reserved 1048576K
}
Event: 513.234 GC heap before
{Heap before GC invocations=75 (full 0):
 garbage-first heap   total 1495040K, used 763803K [0x00000006e0000000, 0x0000000800000000)
  region size 4096K, 34 young (139264K), 3 survivors (12288K)
 Metaspace       used 235424K, committed 237376K, reserved 1310720K
  class space    used 30128K, committed 31040K, reserved 1048576K
}
Event: 513.565 GC heap after
{Heap after GC invocations=76 (full 0):
 garbage-first heap   total 1495040K, used 667570K [0x00000006e0000000, 0x0000000800000000)
  region size 4096K, 5 young (20480K), 5 survivors (20480K)
 Metaspace       used 235424K, committed 237376K, reserved 1310720K
  class space    used 30128K, committed 31040K, reserved 1048576K
}
Event: 515.188 GC heap before
{Heap before GC invocations=76 (full 0):
 garbage-first heap   total 1495040K, used 749490K [0x00000006e0000000, 0x0000000800000000)
  region size 4096K, 18 young (73728K), 5 survivors (20480K)
 Metaspace       used 235477K, committed 237376K, reserved 1310720K
  class space    used 30129K, committed 31040K, reserved 1048576K
}
Event: 515.333 GC heap after
{Heap after GC invocations=77 (full 0):
 garbage-first heap   total 1495040K, used 676891K [0x00000006e0000000, 0x0000000800000000)
  region size 4096K, 2 young (8192K), 2 survivors (8192K)
 Metaspace       used 235477K, committed 237376K, reserved 1310720K
  class space    used 30129K, committed 31040K, reserved 1048576K
}
Event: 517.359 GC heap before
{Heap before GC invocations=77 (full 0):
 garbage-first heap   total 1495040K, used 779291K [0x00000006e0000000, 0x0000000800000000)
  region size 4096K, 28 young (114688K), 2 survivors (8192K)
 Metaspace       used 235650K, committed 237568K, reserved 1310720K
  class space    used 30139K, committed 31040K, reserved 1048576K
}
Event: 517.386 GC heap after
{Heap after GC invocations=78 (full 0):
 garbage-first heap   total 1495040K, used 682625K [0x00000006e0000000, 0x0000000800000000)
  region size 4096K, 4 young (16384K), 4 survivors (16384K)
 Metaspace       used 235650K, committed 237568K, reserved 1310720K
  class space    used 30139K, committed 31040K, reserved 1048576K
}
Event: 524.992 GC heap before
{Heap before GC invocations=78 (full 0):
 garbage-first heap   total 1495040K, used 813697K [0x00000006e0000000, 0x0000000800000000)
  region size 4096K, 37 young (151552K), 4 survivors (16384K)
 Metaspace       used 235738K, committed 237696K, reserved 1310720K
  class space    used 30151K, committed 31104K, reserved 1048576K
}
Event: 525.146 GC heap after
{Heap after GC invocations=79 (full 0):
 garbage-first heap   total 1495040K, used 696833K [0x00000006e0000000, 0x0000000800000000)
  region size 4096K, 5 young (20480K), 5 survivors (20480K)
 Metaspace       used 235738K, committed 237696K, reserved 1310720K
  class space    used 30151K, committed 31104K, reserved 1048576K
}
Event: 551.890 GC heap before
{Heap before GC invocations=79 (full 0):
 garbage-first heap   total 1495040K, used 795137K [0x00000006e0000000, 0x0000000800000000)
  region size 4096K, 30 young (122880K), 5 survivors (20480K)
 Metaspace       used 235805K, committed 237824K, reserved 1310720K
  class space    used 30154K, committed 31104K, reserved 1048576K
}
Event: 551.938 GC heap after
{Heap after GC invocations=80 (full 0):
 garbage-first heap   total 1495040K, used 692810K [0x00000006e0000000, 0x0000000800000000)
  region size 4096K, 2 young (8192K), 2 survivors (8192K)
 Metaspace       used 235805K, committed 237824K, reserved 1310720K
  class space    used 30154K, committed 31104K, reserved 1048576K
}

