# JRE version: OpenJDK Runtime Environment (17.0.11) (build 17.0.11+0--11852314)
# Java VM: OpenJDK 64-Bit Server VM (17.0.11+0--11852314, mixed mode, tiered, compressed oops, compressed class ptrs, g1 gc, windows-amd64)
GC Precious Log:
 CPUs: 6 total, 6 available
 Memory: 7541M
 Large Page Support: Disabled
 NUMA Support: Disabled
 Compressed Oops: Enabled (Zero based)
 Heap Region Size: 4M
 Heap Min Capacity: 8M
 Heap Initial Capacity: 120M
 Heap Max Capacity: 4608M
 Pre-touch: Disabled
 Parallel Workers: 6
 Concurrent Workers: 2
 Concurrent Refinement Workers: 6
 Periodic GC: Disabled
Heap:
 garbage-first heap   total 528384K, used 251204K [0x00000006e0000000, 0x0000000800000000)
  region size 4096K, 14 young (57344K), 3 survivors (12288K)
 Metaspace       used 133108K, committed 134464K, reserved 1179648K
  class space    used 17819K, committed 18496K, reserved 1048576K
GC Heap History (20 events):
Event: 22.119 GC heap before
{Heap before GC invocations=33 (full 0):
 garbage-first heap   total 315392K, used 247220K [0x00000006e0000000, 0x0000000800000000)
  region size 4096K, 32 young (131072K), 3 survivors (12288K)
 Metaspace       used 106444K, committed 107264K, reserved 1179648K
  class space    used 14796K, committed 15168K, reserved 1048576K
}
Event: 22.141 GC heap after
{Heap after GC invocations=34 (full 0):
 garbage-first heap   total 315392K, used 140455K [0x00000006e0000000, 0x0000000800000000)
  region size 4096K, 4 young (16384K), 4 survivors (16384K)
 Metaspace       used 106444K, committed 107264K, reserved 1179648K
  class space    used 14796K, committed 15168K, reserved 1048576K
}
Event: 23.317 GC heap before
{Heap before GC invocations=34 (full 0):
 garbage-first heap   total 315392K, used 246951K [0x00000006e0000000, 0x0000000800000000)
  region size 4096K, 30 young (122880K), 4 survivors (16384K)
 Metaspace       used 110100K, committed 110976K, reserved 1179648K
  class space    used 15191K, committed 15616K, reserved 1048576K
}
Event: 23.342 GC heap after
{Heap after GC invocations=35 (full 0):
 garbage-first heap   total 315392K, used 155580K [0x00000006e0000000, 0x0000000800000000)
  region size 4096K, 4 young (16384K), 4 survivors (16384K)
 Metaspace       used 110100K, committed 110976K, reserved 1179648K
  class space    used 15191K, committed 15616K, reserved 1048576K
}
Event: 24.141 GC heap before
{Heap before GC invocations=35 (full 0):
 garbage-first heap   total 315392K, used 274364K [0x00000006e0000000, 0x0000000800000000)
  region size 4096K, 26 young (106496K), 4 survivors (16384K)
 Metaspace       used 111201K, committed 112128K, reserved 1179648K
  class space    used 15306K, committed 15744K, reserved 1048576K
}
Event: 24.150 GC heap after
{Heap after GC invocations=36 (full 0):
 garbage-first heap   total 315392K, used 149203K [0x00000006e0000000, 0x0000000800000000)
  region size 4096K, 1 young (4096K), 1 survivors (4096K)
 Metaspace       used 111201K, committed 112128K, reserved 1179648K
  class space    used 15306K, committed 15744K, reserved 1048576K
}
Event: 24.813 GC heap before
{Heap before GC invocations=36 (full 0):
 garbage-first heap   total 315392K, used 227027K [0x00000006e0000000, 0x0000000800000000)
  region size 4096K, 22 young (90112K), 1 survivors (4096K)
 Metaspace       used 113292K, committed 114240K, reserved 1179648K
  class space    used 15534K, committed 16000K, reserved 1048576K
}
Event: 24.959 GC heap after
{Heap after GC invocations=37 (full 1):
 garbage-first heap   total 315392K, used 138237K [0x00000006e0000000, 0x0000000800000000)
  region size 4096K, 0 young (0K), 0 survivors (0K)
 Metaspace       used 113292K, committed 114240K, reserved 1179648K
  class space    used 15534K, committed 16000K, reserved 1048576K
}
Event: 25.809 GC heap before
{Heap before GC invocations=37 (full 1):
 garbage-first heap   total 315392K, used 240637K [0x00000006e0000000, 0x0000000800000000)
  region size 4096K, 26 young (106496K), 0 survivors (0K)
 Metaspace       used 115576K, committed 116544K, reserved 1179648K
  class space    used 15764K, committed 16192K, reserved 1048576K
}
Event: 25.815 GC heap after
{Heap after GC invocations=38 (full 1):
 garbage-first heap   total 315392K, used 144779K [0x00000006e0000000, 0x0000000800000000)
  region size 4096K, 2 young (8192K), 2 survivors (8192K)
 Metaspace       used 115576K, committed 116544K, reserved 1179648K
  class space    used 15764K, committed 16192K, reserved 1048576K
}
Event: 26.625 GC heap before
{Heap before GC invocations=38 (full 1):
 garbage-first heap   total 315392K, used 243083K [0x00000006e0000000, 0x0000000800000000)
  region size 4096K, 27 young (110592K), 2 survivors (8192K)
 Metaspace       used 115971K, committed 116928K, reserved 1179648K
  class space    used 15797K, committed 16256K, reserved 1048576K
}
Event: 26.652 GC heap after
{Heap after GC invocations=39 (full 1):
 garbage-first heap   total 315392K, used 148750K [0x00000006e0000000, 0x0000000800000000)
  region size 4096K, 3 young (12288K), 3 survivors (12288K)
 Metaspace       used 115971K, committed 116928K, reserved 1179648K
  class space    used 15797K, committed 16256K, reserved 1048576K
}
Event: 27.267 GC heap before
{Heap before GC invocations=39 (full 1):
 garbage-first heap   total 315392K, used 247054K [0x00000006e0000000, 0x0000000800000000)
  region size 4096K, 27 young (110592K), 3 survivors (12288K)
 Metaspace       used 115987K, committed 116928K, reserved 1179648K
  class space    used 15797K, committed 16256K, reserved 1048576K
}
Event: 27.285 GC heap after
{Heap after GC invocations=40 (full 1):
 garbage-first heap   total 528384K, used 152425K [0x00000006e0000000, 0x0000000800000000)
  region size 4096K, 3 young (12288K), 3 survivors (12288K)
 Metaspace       used 115987K, committed 116928K, reserved 1179648K
  class space    used 15797K, committed 16256K, reserved 1048576K
}
Event: 59.819 GC heap before
{Heap before GC invocations=40 (full 1):
 garbage-first heap   total 528384K, used 418665K [0x00000006e0000000, 0x0000000800000000)
  region size 4096K, 68 young (278528K), 3 survivors (12288K)
 Metaspace       used 118321K, committed 119488K, reserved 1179648K
  class space    used 16090K, committed 16640K, reserved 1048576K
}
Event: 59.874 GC heap after
{Heap after GC invocations=41 (full 1):
 garbage-first heap   total 528384K, used 180601K [0x00000006e0000000, 0x0000000800000000)
  region size 4096K, 9 young (36864K), 9 survivors (36864K)
 Metaspace       used 118321K, committed 119488K, reserved 1179648K
  class space    used 16090K, committed 16640K, reserved 1048576K
}
Event: 63.362 GC heap before
{Heap before GC invocations=41 (full 1):
 garbage-first heap   total 528384K, used 393593K [0x00000006e0000000, 0x0000000800000000)
  region size 4096K, 62 young (253952K), 9 survivors (36864K)
 Metaspace       used 120997K, committed 122240K, reserved 1179648K
  class space    used 16408K, committed 16960K, reserved 1048576K
}
Event: 63.531 GC heap after
{Heap after GC invocations=42 (full 1):
 garbage-first heap   total 528384K, used 201480K [0x00000006e0000000, 0x0000000800000000)
  region size 4096K, 6 young (24576K), 6 survivors (24576K)
 Metaspace       used 120997K, committed 122240K, reserved 1179648K
  class space    used 16408K, committed 16960K, reserved 1048576K
}
Event: 75.913 GC heap before
{Heap before GC invocations=42 (full 1):
 garbage-first heap   total 528384K, used 398088K [0x00000006e0000000, 0x0000000800000000)
  region size 4096K, 55 young (225280K), 6 survivors (24576K)
 Metaspace       used 130387K, committed 131712K, reserved 1179648K
  class space    used 17513K, committed 18112K, reserved 1048576K
}
Event: 75.980 GC heap after
{Heap after GC invocations=43 (full 1):
 garbage-first heap   total 528384K, used 210244K [0x00000006e0000000, 0x0000000800000000)
  region size 4096K, 3 young (12288K), 3 survivors (12288K)
 Metaspace       used 130387K, committed 131712K, reserved 1179648K
  class space    used 17513K, committed 18112K, reserved 1048576K
}

